[2025-12-30 23:25:59] INFO: Starting attendance processing for file: sample_attendance.xlsx
[2025-12-30 23:25:59] INFO: Validating Excel file: sample_attendance.xlsx
[2025-12-30 23:26:00] INFO: Excel file validation successful
[2025-12-30 23:26:00] INFO: Reading Excel file: sample_attendance.xlsx
[2025-12-30 23:26:00] EXCEL_PROCESSED: File='sample_attendance.xlsx', Records=10, Info='Successfully read 10 student records'
[2025-12-30 23:26:00] INFO: Successfully read 10 student records from Excel file
[2025-12-30 23:26:00] INFO: Processing attendance data
[2025-12-30 23:26:00] ATTENDANCE_SUMMARY:
Attendance Summary Report
=========================

Total Students: 10
Present: 7
Absent: 3
Attendance Percentage: 70.00%

Absent Students:
----------------
P.no: 003, Name: Michael Brown
P.no: 005, Name: Robert Wilson
P.no: 008, Name: Lisa Martinez

Present Students:
----------------
P.no: 001, Name: John Smith
P.no: 002, Name: Emma Johnson
P.no: 004, Name: Sarah Davis
P.no: 006, Name: Jennifer Taylor
P.no: 007, Name: William Anderson
P.no: 009, Name: David Thompson
P.no: 010, Name: Karen Garcia

Generated on: Tue Dec 30 23:26:00 IST 2025

[2025-12-30 23:26:00] INFO: Attendance processing completed
[2025-12-30 23:26:00] INFO: Sending attendance summary email
[2025-12-30 23:26:04] EMAIL_FAILED: Subject='Attendance Summary Report', Recipients=[receiver1@example.com, receiver2@example.com], Info='Failed to send email'
[2025-12-30 23:26:04] ERROR: Failed to send attendance summary email
[2025-12-30 23:30:40] INFO: Starting attendance processing for file: sample_attendance.xlsx
[2025-12-30 23:30:40] INFO: Validating Excel file: sample_attendance.xlsx
[2025-12-30 23:30:41] INFO: Excel file validation successful
[2025-12-30 23:30:41] INFO: Reading Excel file: sample_attendance.xlsx
[2025-12-30 23:30:41] EXCEL_PROCESSED: File='sample_attendance.xlsx', Records=10, Info='Successfully read 10 student records'
[2025-12-30 23:30:41] INFO: Successfully read 10 student records from Excel file
[2025-12-30 23:30:41] INFO: Processing attendance data
[2025-12-30 23:30:41] ATTENDANCE_SUMMARY:
Attendance Summary Report
=========================

Total Students: 10
Present: 7
Absent: 3
Attendance Percentage: 70.00%

Absent Students:
----------------
P.no: 003, Name: Michael Brown
P.no: 005, Name: Robert Wilson
P.no: 008, Name: Lisa Martinez

Present Students:
----------------
P.no: 001, Name: John Smith
P.no: 002, Name: Emma Johnson
P.no: 004, Name: Sarah Davis
P.no: 006, Name: Jennifer Taylor
P.no: 007, Name: William Anderson
P.no: 009, Name: David Thompson
P.no: 010, Name: Karen Garcia

Generated on: Tue Dec 30 23:30:41 IST 2025

[2025-12-30 23:30:41] INFO: Attendance processing completed
[2025-12-30 23:30:41] INFO: Sending attendance summary email
[2025-12-30 23:30:44] EMAIL_FAILED: Subject='Attendance Summary Report', Recipients=[receiver1@example.com, receiver2@example.com], Info='Failed to send email'
[2025-12-30 23:30:44] ERROR: Failed to send attendance summary email
[2025-12-30 23:39:35] INFO: Starting attendance processing for file: sample_attendance.xlsx
[2025-12-30 23:39:35] INFO: Validating Excel file: sample_attendance.xlsx
[2025-12-30 23:39:35] INFO: Excel file validation successful
[2025-12-30 23:39:35] INFO: Reading Excel file: sample_attendance.xlsx
[2025-12-30 23:39:35] EXCEL_PROCESSED: File='sample_attendance.xlsx', Records=10, Info='Successfully read 10 student records'
[2025-12-30 23:39:35] INFO: Successfully read 10 student records from Excel file
[2025-12-30 23:39:35] INFO: Processing attendance data
[2025-12-30 23:39:35] ATTENDANCE_SUMMARY:
Attendance Summary Report
=========================

Total Students: 10
Present: 7
Absent: 3
Attendance Percentage: 70.00%

Absent Students:
----------------
P.no: 003, Name: Michael Brown
P.no: 005, Name: Robert Wilson
P.no: 008, Name: Lisa Martinez

Present Students:
----------------
P.no: 001, Name: John Smith
P.no: 002, Name: Emma Johnson
P.no: 004, Name: Sarah Davis
P.no: 006, Name: Jennifer Taylor
P.no: 007, Name: William Anderson
P.no: 009, Name: David Thompson
P.no: 010, Name: Karen Garcia

Generated on: Tue Dec 30 23:39:35 IST 2025

[2025-12-30 23:39:35] INFO: Attendance processing completed
[2025-12-30 23:39:35] INFO: Sending attendance summary email
[2025-12-30 23:39:39] EMAIL_FAILED: Subject='Attendance Summary Report', Recipients=[receiver1@example.com, receiver2@example.com], Info='Failed to send email'
[2025-12-30 23:39:39] ERROR: Failed to send attendance summary email
[2025-12-30 23:44:20] INFO: Starting attendance processing for file: C:\Users\gauriGAURI\OneDrive\auto mail2\sample_attendance.xlsx
[2025-12-30 23:44:20] INFO: Validating Excel file: C:\Users\gauriGAURI\OneDrive\auto mail2\sample_attendance.xlsx
[2025-12-30 23:44:21] INFO: Excel file validation successful
[2025-12-30 23:44:21] INFO: Reading Excel file: C:\Users\gauriGAURI\OneDrive\auto mail2\sample_attendance.xlsx
[2025-12-30 23:44:21] EXCEL_PROCESSED: File='C:\Users\gauriGAURI\OneDrive\auto mail2\sample_attendance.xlsx', Records=10, Info='Successfully read 10 student records'
[2025-12-30 23:44:21] INFO: Successfully read 10 student records from Excel file
[2025-12-30 23:44:21] INFO: Processing attendance data
[2025-12-30 23:44:21] ATTENDANCE_SUMMARY:
Attendance Summary Report
=========================

Total Students: 10
Present: 7
Absent: 3
Attendance Percentage: 70.00%

Absent Students:
----------------
P.no: 003, Name: Michael Brown
P.no: 005, Name: Robert Wilson
P.no: 008, Name: Lisa Martinez

Present Students:
----------------
P.no: 001, Name: John Smith
P.no: 002, Name: Emma Johnson
P.no: 004, Name: Sarah Davis
P.no: 006, Name: Jennifer Taylor
P.no: 007, Name: William Anderson
P.no: 009, Name: David Thompson
P.no: 010, Name: Karen Garcia

Generated on: Tue Dec 30 23:44:21 IST 2025

[2025-12-30 23:44:21] INFO: Attendance processing completed
[2025-12-30 23:44:21] INFO: Sending attendance summary email
[2025-12-30 23:44:26] EMAIL_FAILED: Subject='Attendance Summary Report', Recipients=[receiver1@example.com, receiver2@example.com], Info='Failed to send email'
[2025-12-30 23:44:26] ERROR: Failed to send attendance summary email
[2025-12-30 23:51:54] INFO: Starting attendance processing for file: sample_attendance.xlsx
[2025-12-30 23:51:54] INFO: Validating Excel file: sample_attendance.xlsx
[2025-12-30 23:51:54] INFO: Excel file validation successful
[2025-12-30 23:51:54] INFO: Reading Excel file: sample_attendance.xlsx
[2025-12-30 23:51:54] EXCEL_PROCESSED: File='sample_attendance.xlsx', Records=10, Info='Successfully read 10 student records'
[2025-12-30 23:51:54] INFO: Successfully read 10 student records from Excel file
[2025-12-30 23:51:54] INFO: Processing attendance data
[2025-12-30 23:51:54] ATTENDANCE_SUMMARY:
Attendance Summary Report
=========================

Total Students: 10
Present: 7
Absent: 3
Attendance Percentage: 70.00%

Absent Students:
----------------
P.no: 003, Name: Michael Brown
P.no: 005, Name: Robert Wilson
P.no: 008, Name: Lisa Martinez

Present Students:
----------------
P.no: 001, Name: John Smith
P.no: 002, Name: Emma Johnson
P.no: 004, Name: Sarah Davis
P.no: 006, Name: Jennifer Taylor
P.no: 007, Name: William Anderson
P.no: 009, Name: David Thompson
P.no: 010, Name: Karen Garcia

Generated on: Tue Dec 30 23:51:54 IST 2025

[2025-12-30 23:51:54] INFO: Attendance processing completed
[2025-12-30 23:51:54] INFO: Sending attendance summary email
[2025-12-30 23:51:57] EMAIL_FAILED: Subject='Attendance Summary Report', Recipients=[receiver1@example.com, receiver2@example.com], Info='Failed to send email'
[2025-12-30 23:51:57] ERROR: Failed to send attendance summary email
[2025-12-30 23:56:34] INFO: Starting attendance processing for file: sample_attendance.xlsx
[2025-12-30 23:56:34] INFO: Validating Excel file: sample_attendance.xlsx
[2025-12-30 23:56:34] INFO: Excel file validation successful
[2025-12-30 23:56:34] INFO: Reading Excel file: sample_attendance.xlsx
[2025-12-30 23:56:34] EXCEL_PROCESSED: File='sample_attendance.xlsx', Records=10, Info='Successfully read 10 student records'
[2025-12-30 23:56:34] INFO: Successfully read 10 student records from Excel file
[2025-12-30 23:56:34] INFO: Processing attendance data
[2025-12-30 23:56:34] ATTENDANCE_SUMMARY:
Attendance Summary Report
=========================

Total Students: 10
Present: 7
Absent: 3
Attendance Percentage: 70.00%

Absent Students:
----------------
P.no: 003, Name: Michael Brown
P.no: 005, Name: Robert Wilson
P.no: 008, Name: Lisa Martinez

Present Students:
----------------
P.no: 001, Name: John Smith
P.no: 002, Name: Emma Johnson
P.no: 004, Name: Sarah Davis
P.no: 006, Name: Jennifer Taylor
P.no: 007, Name: William Anderson
P.no: 009, Name: David Thompson
P.no: 010, Name: Karen Garcia

Generated on: Tue Dec 30 23:56:34 IST 2025

[2025-12-30 23:56:34] INFO: Attendance processing completed
[2025-12-30 23:56:34] INFO: Sending attendance summary email
[2025-12-30 23:56:37] EMAIL_FAILED: Subject='Attendance Summary Report', Recipients=[receiver1@example.com, receiver2@example.com], Info='Failed to send email'
[2025-12-30 23:56:37] ERROR: Failed to send attendance summary email
[2025-12-31 00:04:55] INFO: Starting attendance processing for file: sample_attendance.xlsx
[2025-12-31 00:04:55] INFO: Validating Excel file: sample_attendance.xlsx
[2025-12-31 00:04:56] INFO: Excel file validation successful
[2025-12-31 00:04:56] INFO: Reading Excel file: sample_attendance.xlsx
[2025-12-31 00:04:56] EXCEL_PROCESSED: File='sample_attendance.xlsx', Records=10, Info='Successfully read 10 student records'
[2025-12-31 00:04:56] INFO: Successfully read 10 student records from Excel file
[2025-12-31 00:04:56] INFO: Processing attendance data
[2025-12-31 00:04:56] ATTENDANCE_SUMMARY:
Attendance Summary Report
=========================

Total Students: 10
Present: 7
Absent: 3
Attendance Percentage: 70.00%

Absent Students:
----------------
P.no: 003, Name: Michael Brown
P.no: 005, Name: Robert Wilson
P.no: 008, Name: Lisa Martinez

Present Students:
----------------
P.no: 001, Name: John Smith
P.no: 002, Name: Emma Johnson
P.no: 004, Name: Sarah Davis
P.no: 006, Name: Jennifer Taylor
P.no: 007, Name: William Anderson
P.no: 009, Name: David Thompson
P.no: 010, Name: Karen Garcia

Generated on: Wed Dec 31 00:04:56 IST 2025

[2025-12-31 00:04:56] INFO: Attendance processing completed
[2025-12-31 00:04:56] INFO: Sending attendance summary email
[2025-12-31 00:04:59] EMAIL_FAILED: Subject='Attendance Summary Report', Recipients=[receiver1@example.com, receiver2@example.com], Info='Failed to send email'
[2025-12-31 00:04:59] ERROR: Failed to send attendance summary email
[2025-12-31 00:11:43] INFO: Starting attendance processing for file: sample_attendance.xlsx
[2025-12-31 00:11:43] INFO: Validating Excel file: sample_attendance.xlsx
[2025-12-31 00:11:44] INFO: Reading Excel file: sample_attendance.xlsx
[2025-12-31 00:11:44] EXCEL_PROCESSED: File='sample_attendance.xlsx', Records=10, Info='Successfully read 10 student records'
[2025-12-31 00:11:44] INFO: Successfully read 10 student records from Excel file
[2025-12-31 00:11:44] INFO: Processing attendance data
[2025-12-31 00:11:44] ATTENDANCE_SUMMARY:
Attendance Summary Report
=========================

Total Students: 10
Present: 7
Absent: 3
Attendance Percentage: 70.00%

Absent Students:
----------------
P.no: 003, Name: Michael Brown
P.no: 005, Name: Robert Wilson
P.no: 008, Name: Lisa Martinez

Present Students:
----------------
P.no: 001, Name: John Smith
P.no: 002, Name: Emma Johnson
P.no: 004, Name: Sarah Davis
P.no: 006, Name: Jennifer Taylor
P.no: 007, Name: William Anderson
P.no: 009, Name: David Thompson
P.no: 010, Name: Karen Garcia

Generated on: Wed Dec 31 00:11:44 IST 2025

[2025-12-31 00:11:44] INFO: Attendance processing completed
[2025-12-31 00:11:44] INFO: Sending attendance summary email
[2025-12-31 00:11:51] EMAIL_SUCCESS: Subject='Attendance Summary Report', Recipients=[tusharkhandave16@gmail.com, prachikhandave701@gmail.com], Info='Email sent successfully'
[2025-12-31 00:11:51] INFO: Attendance summary email sent successfully to 2 receivers
[2025-12-31 00:15:47] INFO: Starting attendance processing for file: sample_attendance.xlsx
[2025-12-31 00:15:47] INFO: Validating Excel file: sample_attendance.xlsx
[2025-12-31 00:15:48] INFO: Excel file validation successful
[2025-12-31 00:15:48] INFO: Reading Excel file: sample_attendance.xlsx
[2025-12-31 00:15:48] EXCEL_PROCESSED: File='sample_attendance.xlsx', Records=10, Info='Successfully read 10 student records'
[2025-12-31 00:15:48] INFO: Successfully read 10 student records from Excel file
[2025-12-31 00:15:48] INFO: Processing attendance data
[2025-12-31 00:15:48] ATTENDANCE_SUMMARY:
Attendance Summary Report
=========================

Total Students: 10
Present: 7
Absent: 3
Attendance Percentage: 70.00%

Absent Students:
----------------
P.no: 003, Name: Michael Brown
P.no: 005, Name: Robert Wilson
P.no: 008, Name: Lisa Martinez

Present Students:
----------------
P.no: 001, Name: John Smith
P.no: 002, Name: Emma Johnson
P.no: 004, Name: Sarah Davis
P.no: 006, Name: Jennifer Taylor
P.no: 007, Name: William Anderson
P.no: 009, Name: David Thompson
P.no: 010, Name: Karen Garcia

Generated on: Wed Dec 31 00:15:48 IST 2025

[2025-12-31 00:15:48] INFO: Attendance processing completed
[2025-12-31 00:15:48] INFO: Sending attendance summary email
[2025-12-31 00:15:54] EMAIL_SUCCESS: Subject='Attendance Summary Report', Recipients=[tusharkhandave16@gmail.com, prachikhandave701@gmail.com], Info='Email sent successfully'
[2025-12-31 00:15:54] INFO: Attendance summary email sent successfully to 2 receivers
[2025-12-31 00:16:37] INFO: Starting attendance processing for file: C:\Users\gauriGAURI\OneDrive\auto mail2\sample_attendance.xlsx
[2025-12-31 00:16:37] INFO: Validating Excel file: C:\Users\gauriGAURI\OneDrive\auto mail2\sample_attendance.xlsx
[2025-12-31 00:16:37] INFO: Excel file validation successful
[2025-12-31 00:16:37] INFO: Reading Excel file: C:\Users\gauriGAURI\OneDrive\auto mail2\sample_attendance.xlsx
[2025-12-31 00:16:37] EXCEL_PROCESSED: File='C:\Users\gauriGAURI\OneDrive\auto mail2\sample_attendance.xlsx', Records=10, Info='Successfully read 10 student records'
[2025-12-31 00:16:37] INFO: Successfully read 10 student records from Excel file
[2025-12-31 00:16:37] INFO: Processing attendance data
[2025-12-31 00:16:37] ATTENDANCE_SUMMARY:
Attendance Summary Report
=========================

Total Students: 10
Present: 7
Absent: 3
Attendance Percentage: 70.00%

Absent Students:
----------------
P.no: 003, Name: Michael Brown
P.no: 005, Name: Robert Wilson
P.no: 008, Name: Lisa Martinez

Present Students:
----------------
P.no: 001, Name: John Smith
P.no: 002, Name: Emma Johnson
P.no: 004, Name: Sarah Davis
P.no: 006, Name: Jennifer Taylor
P.no: 007, Name: William Anderson
P.no: 009, Name: David Thompson
P.no: 010, Name: Karen Garcia

Generated on: Wed Dec 31 00:16:37 IST 2025

[2025-12-31 00:16:37] INFO: Attendance processing completed
[2025-12-31 00:16:37] INFO: Sending attendance summary email
[2025-12-31 00:16:44] EMAIL_SUCCESS: Subject='Attendance Summary Report', Recipients=[tusharkhandave16@gmail.com, prachikhandave701@gmail.com], Info='Email sent successfully'
[2025-12-31 00:16:44] INFO: Attendance summary email sent successfully to 2 receivers
[2025-12-31 00:17:35] INFO: Starting attendance processing for file: C:\Users\gauriGAURI\OneDrive\auto mail2\sample_attendance.xlsx
[2025-12-31 00:17:35] INFO: Validating Excel file: C:\Users\gauriGAURI\OneDrive\auto mail2\sample_attendance.xlsx
[2025-12-31 00:17:35] INFO: Excel file validation successful
[2025-12-31 00:17:35] INFO: Reading Excel file: C:\Users\gauriGAURI\OneDrive\auto mail2\sample_attendance.xlsx
[2025-12-31 00:17:35] EXCEL_PROCESSED: File='C:\Users\gauriGAURI\OneDrive\auto mail2\sample_attendance.xlsx', Records=10, Info='Successfully read 10 student records'
[2025-12-31 00:17:35] INFO: Successfully read 10 student records from Excel file
[2025-12-31 00:17:35] INFO: Processing attendance data
[2025-12-31 00:17:35] ATTENDANCE_SUMMARY:
Attendance Summary Report
=========================

Total Students: 10
Present: 7
Absent: 3
Attendance Percentage: 70.00%

Absent Students:
----------------
P.no: 003, Name: Michael Brown
P.no: 005, Name: Robert Wilson
P.no: 008, Name: Lisa Martinez

Present Students:
----------------
P.no: 001, Name: John Smith
P.no: 002, Name: Emma Johnson
P.no: 004, Name: Sarah Davis
P.no: 006, Name: Jennifer Taylor
P.no: 007, Name: William Anderson
P.no: 009, Name: David Thompson
P.no: 010, Name: Karen Garcia

Generated on: Wed Dec 31 00:17:35 IST 2025

[2025-12-31 00:17:35] INFO: Attendance processing completed
[2025-12-31 00:17:35] INFO: Sending attendance summary email
[2025-12-31 00:17:41] EMAIL_SUCCESS: Subject='Attendance Summary Report', Recipients=[tusharkhandave16@gmail.com, prachikhandave701@gmail.com], Info='Email sent successfully'
[2025-12-31 00:17:41] INFO: Attendance summary email sent successfully to 2 receivers
[2026-01-01 18:30:08] INFO: Starting attendance processing for file: sample_attendance.xlsx
[2026-01-01 18:30:08] INFO: Validating Excel file: sample_attendance.xlsx
[2026-01-01 18:30:09] INFO: Excel file validation successful
[2026-01-01 18:30:09] INFO: Reading Excel file: sample_attendance.xlsx
[2026-01-01 18:30:09] EXCEL_PROCESSED: File='sample_attendance.xlsx', Records=10, Info='Successfully read 10 student records'
[2026-01-01 18:30:09] INFO: Successfully read 10 student records from Excel file
[2026-01-01 18:30:09] INFO: Processing attendance data
[2026-01-01 18:30:09] ATTENDANCE_SUMMARY:
Attendance Summary Report
=========================

Total Students: 10
Present: 7
Absent: 3
Attendance Percentage: 70.00%

Absent Students:
----------------
P.no: 003, Name: Michael Brown
P.no: 005, Name: Robert Wilson
P.no: 008, Name: Lisa Martinez

Present Students:
----------------
P.no: 001, Name: John Smith
P.no: 002, Name: Emma Johnson
P.no: 004, Name: Sarah Davis
P.no: 006, Name: Jennifer Taylor
P.no: 007, Name: William Anderson
P.no: 009, Name: David Thompson
P.no: 010, Name: Karen Garcia

Generated on: Thu Jan 01 18:30:09 IST 2026

[2026-01-01 18:30:09] INFO: Attendance processing completed
[2026-01-01 18:30:09] INFO: Sending attendance summary email
[2026-01-01 18:30:14] EMAIL_SUCCESS: Subject='Attendance Summary Report', Recipients=[tusharkhandave16@gmail.com, prachikhandave701@gmail.com], Info='Email sent successfully'
[2026-01-01 18:30:14] INFO: Attendance summary email sent successfully to 2 receivers
[2026-01-01 18:35:23] INFO: Starting attendance processing for file: sample_attendance.xlsx
[2026-01-01 18:35:23] INFO: Validating Excel file: sample_attendance.xlsx
[2026-01-01 18:35:24] INFO: Excel file validation successful
[2026-01-01 18:35:24] INFO: Reading Excel file: sample_attendance.xlsx
[2026-01-01 18:35:24] EXCEL_PROCESSED: File='sample_attendance.xlsx', Records=10, Info='Successfully read 10 student records'
[2026-01-01 18:35:24] INFO: Successfully read 10 student records from Excel file
[2026-01-01 18:35:24] INFO: Processing attendance data
[2026-01-01 18:35:24] ATTENDANCE_SUMMARY:
Attendance Summary Report
=========================

Total Students: 10
Present: 7
Absent: 3
Attendance Percentage: 70.00%

Absent Students:
----------------
P.no: 003, Name: Michael Brown
P.no: 005, Name: Robert Wilson
P.no: 008, Name: Lisa Martinez

Present Students:
----------------
P.no: 001, Name: John Smith
P.no: 002, Name: Emma Johnson
P.no: 004, Name: Sarah Davis
P.no: 006, Name: Jennifer Taylor
P.no: 007, Name: William Anderson
P.no: 009, Name: David Thompson
P.no: 010, Name: Karen Garcia

Generated on: Thu Jan 01 18:35:24 IST 2026

[2026-01-01 18:35:24] INFO: Attendance processing completed
[2026-01-01 18:35:24] INFO: Sending attendance summary email
[2026-01-01 18:35:29] EMAIL_SUCCESS: Subject='Attendance Summary Report', Recipients=[tusharkhandave16@gmail.com, prachikhandave701@gmail.com], Info='Email sent successfully'
[2026-01-01 18:35:29] INFO: Attendance summary email sent successfully to 2 receivers
[2026-01-01 18:37:19] INFO: Starting attendance processing for file: sample_attendance.xlsx
[2026-01-01 18:37:19] INFO: Validating Excel file: sample_attendance.xlsx
[2026-01-01 18:37:19] INFO: Excel file validation successful
[2026-01-01 18:37:19] INFO: Reading Excel file: sample_attendance.xlsx
[2026-01-01 18:37:19] EXCEL_PROCESSED: File='sample_attendance.xlsx', Records=10, Info='Successfully read 10 student records'
[2026-01-01 18:37:19] INFO: Successfully read 10 student records from Excel file
[2026-01-01 18:37:19] INFO: Processing attendance data
[2026-01-01 18:37:19] ATTENDANCE_SUMMARY:
Attendance Summary Report
=========================

Total Students: 10
Present: 7
Absent: 3
Attendance Percentage: 70.00%

Absent Students:
----------------
P.no: 003, Name: Michael Brown
P.no: 005, Name: Robert Wilson
P.no: 008, Name: Lisa Martinez

Present Students:
----------------
P.no: 001, Name: John Smith
P.no: 002, Name: Emma Johnson
P.no: 004, Name: Sarah Davis
P.no: 006, Name: Jennifer Taylor
P.no: 007, Name: William Anderson
P.no: 009, Name: David Thompson
P.no: 010, Name: Karen Garcia

Generated on: Thu Jan 01 18:37:19 IST 2026

[2026-01-01 18:37:19] INFO: Attendance processing completed
[2026-01-01 18:37:19] INFO: Sending attendance summary email
[2026-01-01 18:37:24] EMAIL_SUCCESS: Subject='Attendance Summary Report', Recipients=[tusharkhandave16@gmail.com, prachikhandave701@gmail.com], Info='Email sent successfully'
[2026-01-01 18:37:24] INFO: Attendance summary email sent successfully to 2 receivers
[2026-01-01 18:41:09] INFO: Starting attendance processing for file: sample_attendance.xlsx
[2026-01-01 18:41:09] INFO: Validating Excel file: sample_attendance.xlsx
[2026-01-01 18:41:09] INFO: Excel file validation successful
[2026-01-01 18:41:09] INFO: Reading Excel file: sample_attendance.xlsx
[2026-01-01 18:41:09] EXCEL_PROCESSED: File='sample_attendance.xlsx', Records=10, Info='Successfully read 10 student records'
[2026-01-01 18:41:09] INFO: Successfully read 10 student records from Excel file
[2026-01-01 18:41:09] INFO: Processing attendance data
[2026-01-01 18:41:09] ATTENDANCE_SUMMARY:
Attendance Summary Report
=========================

Total Students: 10
Present: 7
Absent: 3
Attendance Percentage: 70.00%

Absent Students:
----------------
P.no: 003, Name: Michael Brown
P.no: 005, Name: Robert Wilson
P.no: 008, Name: Lisa Martinez

Present Students:
----------------
P.no: 001, Name: John Smith
P.no: 002, Name: Emma Johnson
P.no: 004, Name: Sarah Davis
P.no: 006, Name: Jennifer Taylor
P.no: 007, Name: William Anderson
P.no: 009, Name: David Thompson
P.no: 010, Name: Karen Garcia

Generated on: Thu Jan 01 18:41:09 IST 2026

[2026-01-01 18:41:09] INFO: Attendance processing completed
[2026-01-01 18:41:09] INFO: Sending attendance summary email
[2026-01-01 18:41:15] EMAIL_SUCCESS: Subject='Attendance Summary Report', Recipients=[tusharkhandave16@gmail.com, bhumikamote05@gmail.com, choudharyjinal934@gmail.com, golemegha06@gmail.com, sairajkatkar18@outlook.com, atharvaaa1903@gmail.com], Info='Email sent successfully'
[2026-01-01 18:41:15] INFO: Attendance summary email sent successfully to 6 receivers
[2026-01-02 09:25:34] INFO: Starting attendance processing for file: sample_attendance.xlsx
[2026-01-02 09:25:34] INFO: Validating Excel file: sample_attendance.xlsx
[2026-01-02 09:25:35] INFO: Excel file validation successful
[2026-01-02 09:25:35] INFO: Reading Excel file: sample_attendance.xlsx
[2026-01-02 09:25:35] EXCEL_PROCESSED: File='sample_attendance.xlsx', Records=10, Info='Successfully read 10 student records'
[2026-01-02 09:25:35] INFO: Successfully read 10 student records from Excel file
[2026-01-02 09:25:35] INFO: Processing attendance data
[2026-01-02 09:25:35] ATTENDANCE_SUMMARY:
Attendance Summary Report
=========================

Total Students: 10
Present: 7
Absent: 3
Attendance Percentage: 70.00%

Absent Students:
----------------
P.no: 003, Name: Michael Brown
P.no: 005, Name: Robert Wilson
P.no: 008, Name: Lisa Martinez

Present Students:
----------------
P.no: 001, Name: John Smith
P.no: 002, Name: Emma Johnson
P.no: 004, Name: Sarah Davis
P.no: 006, Name: Jennifer Taylor
P.no: 007, Name: William Anderson
P.no: 009, Name: David Thompson
P.no: 010, Name: Karen Garcia

Generated on: Fri Jan 02 09:25:35 IST 2026

[2026-01-02 09:25:35] INFO: Attendance processing completed
[2026-01-02 09:25:35] INFO: Sending attendance summary email
[2026-01-02 09:25:44] EMAIL_SUCCESS: Subject='Attendance Summary Report', Recipients=[tusharkhandave16@gmail.com, bhumikamote05@gmail.com, choudharyjinal934@gmail.com, golemegha06@gmail.com, sairajkatkar18@outlook.com, atharvaaa1903@gmail.com], Info='Email sent successfully'
[2026-01-02 09:25:44] INFO: Attendance summary email sent successfully to 6 receivers
[2026-01-02 09:36:31] INFO: Starting attendance processing for file: sample_attendance.xlsx
[2026-01-02 09:36:31] INFO: Validating Excel file: sample_attendance.xlsx
[2026-01-02 09:36:32] INFO: Excel file validation successful
[2026-01-02 09:36:32] INFO: Reading Excel file: sample_attendance.xlsx
[2026-01-02 09:36:32] EXCEL_PROCESSED: File='sample_attendance.xlsx', Records=10, Info='Successfully read 10 student records'
[2026-01-02 09:36:32] INFO: Successfully read 10 student records from Excel file
[2026-01-02 09:36:32] INFO: Processing attendance data
[2026-01-02 09:36:32] ATTENDANCE_SUMMARY:
Attendance Summary Report
=========================

Total Students: 10
Present: 7
Absent: 3
Attendance Percentage: 70.00%

Absent Students:
----------------
Name: Michael Brown
Name: Robert Wilson
Name: Lisa Martinez

Generated on: Fri Jan 02 09:36:32 IST 2026

[2026-01-02 09:36:32] INFO: Attendance processing completed
[2026-01-02 09:36:32] INFO: Sending attendance summary email
[2026-01-02 09:36:40] EMAIL_SUCCESS: Subject='Attendance Summary Report', Recipients=[tusharkhandave16@gmail.com, bhumikamote05@gmail.com, choudharyjinal934@gmail.com, golemegha06@gmail.com, sairajkatkar18@outlook.com, atharvaaa1903@gmail.com], Info='Email sent successfully'
[2026-01-02 09:36:40] INFO: Attendance summary email sent successfully to 6 receivers
